<?xml version="1.0" encoding="UTF-8"?>
<testsuite xmlns:xsi="http://www.w3.org/2001/XMLSchema-instance" xsi:noNamespaceSchemaLocation="https://maven.apache.org/surefire/maven-failsafe-plugin/xsd/failsafe-test-report.xsd" name="io.cucumber.tutorial.TestRunner" time="3.283" tests="2" errors="0" skipped="0" failures="0">
  <properties>
[...]
</properties>
  <testcase name="JSON request is accepted" classname="Accept request" time="1.952"/>
  <testcase name="Malformed request is rejected" classname="Accept request" time="0.155"/>
</testsuite>